<?xml version="1.0" encoding="UTF-8"?>
<testsuite name="DPcalcTests" time="0.032" tests="14" errors="0" skipped="0" failures="1">
  <properties>
[...]
</properties>
  <testcase name="testCalculateDPwithFailingMarks" classname="DPcalcTests" time="0"/>
  <testcase name="testInvalidDVnumWithDatePartThatIsWrong" classname="DPcalcTests" time="0"/>
  <testcase name="testCannotWriteExams" classname="DPcalcTests" time="0"/>
  <testcase name="testValidDVnum" classname="DPcalcTests" time="0.016">
    <failure message="expected:&lt;true&gt; but was:&lt;false&gt;" type="java.lang.AssertionError"><![CDATA[java.lang.AssertionError: expected:<true> but was:<false>
	at org.junit.Assert.fail(Assert.java:88)
	at org.junit.Assert.failNotEquals(Assert.java:834)
	at org.junit.Assert.assertEquals(Assert.java:118)
	at org.junit.Assert.assertEquals(Assert.java:144)
	at DPcalcTests.testValidDVnum(DPcalcTests.java:191)
]]></failure>
  </testcase>
  <testcase name="testInvalidDVnumThatIsTooShort" classname="DPcalcTests" time="0"/>
  <testcase name="testCanWriteExams" classname="DPcalcTests" time="0"/>
  <testcase name="testInvalidDVnumWithLast4DigitsThatIsWrong" classname="DPcalcTests" time="0"/>
  <testcase name="testInvalidDVnumThatIsMissingTheDash" classname="DPcalcTests" time="0"/>
  <testcase name="testThatYouHaveAllAccessors" classname="DPcalcTests" time="0"/>
  <testcase name="testPrettyPrint" classname="DPcalcTests" time="0.016"/>
  <testcase name="testInvalidDVnumThatIsTooLong" classname="DPcalcTests" time="0"/>
  <testcase name="testInvalidDVnumThatHasAdashInTheWrongPlace" classname="DPcalcTests" time="0"/>
  <testcase name="testCanWriteExamsEdgeCase" classname="DPcalcTests" time="0"/>
  <testcase name="testCalculateDPwithPassingMarks" classname="DPcalcTests" time="0"/>
</testsuite>