<?xml version="1.0" encoding="UTF-8"?>
<testsuite name="DPcalcTests" time="0.008" tests="26" errors="26" skipped="0" failures="0">
  <properties>
[...]
</properties>
  <testcase name="testCalculateDPwithFailingMarks" classname="DPcalcTests" time="0.001">
    <error message="za/ac/pearson/cti/studentdpcalculator/DPcalc" type="java.lang.NoClassDefFoundError">java.lang.NoClassDefFoundError: za/ac/pearson/cti/studentdpcalculator/DPcalc
	at java.net.URLClassLoader.findClass(URLClassLoader.java:381)
	at java.lang.ClassLoader.loadClass(ClassLoader.java:424)
	at sun.misc.Launcher$AppClassLoader.loadClass(Launcher.java:331)
	at java.lang.ClassLoader.loadClass(ClassLoader.java:357)
	at DPcalcTests.testCalculateDPwithFailingMarks(DPcalcTests.java:66)
</error>
  </testcase>
  <testcase name="testInvalidDVnumWithDatePartThatIsWrong" classname="DPcalcTests" time="0">
    <error message="za/ac/pearson/cti/studentdpcalculator/DPcalc" type="java.lang.NoClassDefFoundError">java.lang.NoClassDefFoundError: za/ac/pearson/cti/studentdpcalculator/DPcalc
	at DPcalcTests.testInvalidDVnumWithDatePartThatIsWrong(DPcalcTests.java:211)
</error>
  </testcase>
  <testcase name="testGetAssignmentWhereSubjectIsInCapitalLetters" classname="DPcalcTests" time="0">
    <error message="za/ac/pearson/cti/studentdpcalculator/DPcalc" type="java.lang.NoClassDefFoundError">java.lang.NoClassDefFoundError: za/ac/pearson/cti/studentdpcalculator/DPcalc
	at DPcalcTests.testGetAssignmentWhereSubjectIsInCapitalLetters(DPcalcTests.java:404)
</error>
  </testcase>
  <testcase name="testGetSemesterTestWhereSubjectIsOnlyInLowerCase" classname="DPcalcTests" time="0">
    <error message="za/ac/pearson/cti/studentdpcalculator/DPcalc" type="java.lang.NoClassDefFoundError">java.lang.NoClassDefFoundError: za/ac/pearson/cti/studentdpcalculator/DPcalc
	at DPcalcTests.testGetSemesterTestWhereSubjectIsOnlyInLowerCase(DPcalcTests.java:485)
</error>
  </testcase>
  <testcase name="testGetAssignmentWithSubjectThatDoesNotExist" classname="DPcalcTests" time="0">
    <error message="Unexpected exception, expected&lt;java.lang.ArrayIndexOutOfBoundsException&gt; but was&lt;java.lang.NoClassDefFoundError&gt;" type="java.lang.Exception"><![CDATA[java.lang.Exception: Unexpected exception, expected<java.lang.ArrayIndexOutOfBoundsException> but was<java.lang.NoClassDefFoundError>
	at DPcalcTests.testGetAssignmentWithSubjectThatDoesNotExist(DPcalcTests.java:391)
]]></error>
  </testcase>
  <testcase name="testCannotWriteExams" classname="DPcalcTests" time="0">
    <error message="za/ac/pearson/cti/studentdpcalculator/DPcalc" type="java.lang.NoClassDefFoundError">java.lang.NoClassDefFoundError: za/ac/pearson/cti/studentdpcalculator/DPcalc
	at DPcalcTests.testCannotWriteExams(DPcalcTests.java:140)
</error>
  </testcase>
  <testcase name="testGetAssignmentMarkWithMultipleSubjects" classname="DPcalcTests" time="0.001">
    <error message="za/ac/pearson/cti/studentdpcalculator/DPcalc" type="java.lang.NoClassDefFoundError">java.lang.NoClassDefFoundError: za/ac/pearson/cti/studentdpcalculator/DPcalc
	at DPcalcTests.testGetAssignmentMarkWithMultipleSubjects(DPcalcTests.java:439)
</error>
  </testcase>
  <testcase name="testGetSemesterTestMarkWithMultipleSubjects" classname="DPcalcTests" time="0.001">
    <error message="za/ac/pearson/cti/studentdpcalculator/DPcalc" type="java.lang.NoClassDefFoundError">java.lang.NoClassDefFoundError: za/ac/pearson/cti/studentdpcalculator/DPcalc
	at DPcalcTests.testGetSemesterTestMarkWithMultipleSubjects(DPcalcTests.java:505)
</error>
  </testcase>
  <testcase name="testGetContinuousAssessmentWhereSubjectIsInCapitalLetters" classname="DPcalcTests" time="0">
    <error message="za/ac/pearson/cti/studentdpcalculator/DPcalc" type="java.lang.NoClassDefFoundError">java.lang.NoClassDefFoundError: za/ac/pearson/cti/studentdpcalculator/DPcalc
	at DPcalcTests.testGetContinuousAssessmentWhereSubjectIsInCapitalLetters(DPcalcTests.java:536)
</error>
  </testcase>
  <testcase name="testValidDVnum" classname="DPcalcTests" time="0.001">
    <error message="za/ac/pearson/cti/studentdpcalculator/DPcalc" type="java.lang.NoClassDefFoundError">java.lang.NoClassDefFoundError: za/ac/pearson/cti/studentdpcalculator/DPcalc
	at DPcalcTests.testValidDVnum(DPcalcTests.java:184)
</error>
  </testcase>
  <testcase name="testInvalidDVnumThatIsTooShort" classname="DPcalcTests" time="0.001">
    <error message="za/ac/pearson/cti/studentdpcalculator/DPcalc" type="java.lang.NoClassDefFoundError">java.lang.NoClassDefFoundError: za/ac/pearson/cti/studentdpcalculator/DPcalc
	at DPcalcTests.testInvalidDVnumThatIsTooShort(DPcalcTests.java:262)
</error>
  </testcase>
  <testcase name="testCanWriteExams" classname="DPcalcTests" time="0">
    <error message="za/ac/pearson/cti/studentdpcalculator/DPcalc" type="java.lang.NoClassDefFoundError">java.lang.NoClassDefFoundError: za/ac/pearson/cti/studentdpcalculator/DPcalc
	at DPcalcTests.testCanWriteExams(DPcalcTests.java:118)
</error>
  </testcase>
  <testcase name="testGetSemesterTestWithSubjectThatDoesNotExist" classname="DPcalcTests" time="0.001">
    <error message="Unexpected exception, expected&lt;java.lang.ArrayIndexOutOfBoundsException&gt; but was&lt;java.lang.NoClassDefFoundError&gt;" type="java.lang.Exception"><![CDATA[java.lang.Exception: Unexpected exception, expected<java.lang.ArrayIndexOutOfBoundsException> but was<java.lang.NoClassDefFoundError>
	at DPcalcTests.testGetSemesterTestWithSubjectThatDoesNotExist(DPcalcTests.java:457)
]]></error>
  </testcase>
  <testcase name="testGetAssignmentWhereSubjectIsOnlyInLowerCase" classname="DPcalcTests" time="0.001">
    <error message="za/ac/pearson/cti/studentdpcalculator/DPcalc" type="java.lang.NoClassDefFoundError">java.lang.NoClassDefFoundError: za/ac/pearson/cti/studentdpcalculator/DPcalc
	at DPcalcTests.testGetAssignmentWhereSubjectIsOnlyInLowerCase(DPcalcTests.java:419)
</error>
  </testcase>
  <testcase name="testInvalidDVnumWithLast4DigitsThatIsWrong" classname="DPcalcTests" time="0">
    <error message="za/ac/pearson/cti/studentdpcalculator/DPcalc" type="java.lang.NoClassDefFoundError">java.lang.NoClassDefFoundError: za/ac/pearson/cti/studentdpcalculator/DPcalc
	at DPcalcTests.testInvalidDVnumWithLast4DigitsThatIsWrong(DPcalcTests.java:237)
</error>
  </testcase>
  <testcase name="testInvalidDVnumThatIsMissingTheDash" classname="DPcalcTests" time="0">
    <error message="za/ac/pearson/cti/studentdpcalculator/DPcalc" type="java.lang.NoClassDefFoundError">java.lang.NoClassDefFoundError: za/ac/pearson/cti/studentdpcalculator/DPcalc
	at DPcalcTests.testInvalidDVnumThatIsMissingTheDash(DPcalcTests.java:312)
</error>
  </testcase>
  <testcase name="testGetContinuousAssessmentWhereSubjectIsOnlyInLowerCase" classname="DPcalcTests" time="0">
    <error message="za/ac/pearson/cti/studentdpcalculator/DPcalc" type="java.lang.NoClassDefFoundError">java.lang.NoClassDefFoundError: za/ac/pearson/cti/studentdpcalculator/DPcalc
	at DPcalcTests.testGetContinuousAssessmentWhereSubjectIsOnlyInLowerCase(DPcalcTests.java:551)
</error>
  </testcase>
  <testcase name="testThatYouHaveAllAccessors" classname="DPcalcTests" time="0">
    <error message="za/ac/pearson/cti/studentdpcalculator/DPcalc" type="java.lang.NoClassDefFoundError">java.lang.NoClassDefFoundError: za/ac/pearson/cti/studentdpcalculator/DPcalc
	at DPcalcTests.testThatYouHaveAllAccessors(DPcalcTests.java:365)
</error>
  </testcase>
  <testcase name="testPrettyPrint" classname="DPcalcTests" time="0.001">
    <error message="za/ac/pearson/cti/studentdpcalculator/DPcalc" type="java.lang.NoClassDefFoundError">java.lang.NoClassDefFoundError: za/ac/pearson/cti/studentdpcalculator/DPcalc
	at DPcalcTests.testPrettyPrint(DPcalcTests.java:94)
</error>
  </testcase>
  <testcase name="testInvalidDVnumThatIsTooLong" classname="DPcalcTests" time="0">
    <error message="za/ac/pearson/cti/studentdpcalculator/DPcalc" type="java.lang.NoClassDefFoundError">java.lang.NoClassDefFoundError: za/ac/pearson/cti/studentdpcalculator/DPcalc
	at DPcalcTests.testInvalidDVnumThatIsTooLong(DPcalcTests.java:287)
</error>
  </testcase>
  <testcase name="testInvalidDVnumThatHasAdashInTheWrongPlace" classname="DPcalcTests" time="0">
    <error message="za/ac/pearson/cti/studentdpcalculator/DPcalc" type="java.lang.NoClassDefFoundError">java.lang.NoClassDefFoundError: za/ac/pearson/cti/studentdpcalculator/DPcalc
	at DPcalcTests.testInvalidDVnumThatHasAdashInTheWrongPlace(DPcalcTests.java:338)
</error>
  </testcase>
  <testcase name="testGetSemesterTestWhereSubjectIsInCapitalLetters" classname="DPcalcTests" time="0">
    <error message="za/ac/pearson/cti/studentdpcalculator/DPcalc" type="java.lang.NoClassDefFoundError">java.lang.NoClassDefFoundError: za/ac/pearson/cti/studentdpcalculator/DPcalc
	at DPcalcTests.testGetSemesterTestWhereSubjectIsInCapitalLetters(DPcalcTests.java:470)
</error>
  </testcase>
  <testcase name="testCanWriteExamsEdgeCase" classname="DPcalcTests" time="0">
    <error message="za/ac/pearson/cti/studentdpcalculator/DPcalc" type="java.lang.NoClassDefFoundError">java.lang.NoClassDefFoundError: za/ac/pearson/cti/studentdpcalculator/DPcalc
	at DPcalcTests.testCanWriteExamsEdgeCase(DPcalcTests.java:161)
</error>
  </testcase>
  <testcase name="testGetContinuousAssessmentWithSubjectThatDoesNotExist" classname="DPcalcTests" time="0">
    <error message="Unexpected exception, expected&lt;java.lang.ArrayIndexOutOfBoundsException&gt; but was&lt;java.lang.NoClassDefFoundError&gt;" type="java.lang.Exception"><![CDATA[java.lang.Exception: Unexpected exception, expected<java.lang.ArrayIndexOutOfBoundsException> but was<java.lang.NoClassDefFoundError>
	at DPcalcTests.testGetContinuousAssessmentWithSubjectThatDoesNotExist(DPcalcTests.java:523)
]]></error>
  </testcase>
  <testcase name="testCalculateDPwithPassingMarks" classname="DPcalcTests" time="0">
    <error message="za/ac/pearson/cti/studentdpcalculator/DPcalc" type="java.lang.NoClassDefFoundError">java.lang.NoClassDefFoundError: za/ac/pearson/cti/studentdpcalculator/DPcalc
	at DPcalcTests.testCalculateDPwithPassingMarks(DPcalcTests.java:42)
</error>
  </testcase>
  <testcase name="testGetContinuousAssessmentWithMultipleSubjects" classname="DPcalcTests" time="0">
    <error message="za/ac/pearson/cti/studentdpcalculator/DPcalc" type="java.lang.NoClassDefFoundError">java.lang.NoClassDefFoundError: za/ac/pearson/cti/studentdpcalculator/DPcalc
	at DPcalcTests.testGetContinuousAssessmentWithMultipleSubjects(DPcalcTests.java:571)
</error>
  </testcase>
</testsuite>