<?xml version="1.0" encoding="UTF-8"?>
<testsuite name="DPcalcTests" time="0.077" tests="26" errors="6" skipped="0" failures="4">
  <properties>
[...]
</properties>
  <testcase name="testCalculateDPwithFailingMarks" classname="DPcalcTests" time="0.031">
    <error message="Not supported yet." type="java.lang.UnsupportedOperationException">java.lang.UnsupportedOperationException: Not supported yet.
	at za.ac.pearson.cti.studentdpcalculator.Subject.getAssignmentWeight(Subject.java:89)
	at za.ac.pearson.cti.studentdpcalculator.DPcalc.getAssignmentWeight(DPcalc.java:142)
	at za.ac.pearson.cti.studentdpcalculator.DPcalc.calculateDP(DPcalc.java:92)
	at DPcalcTests.testCalculateDPwithFailingMarks(DPcalcTests.java:70)
</error>
  </testcase>
  <testcase name="testInvalidDVnumWithDatePartThatIsWrong" classname="DPcalcTests" time="0">
    <failure message="expected:&lt;false&gt; but was:&lt;true&gt;" type="java.lang.AssertionError"><![CDATA[java.lang.AssertionError: expected:<false> but was:<true>
	at org.junit.Assert.fail(Assert.java:88)
	at org.junit.Assert.failNotEquals(Assert.java:834)
	at org.junit.Assert.assertEquals(Assert.java:118)
	at org.junit.Assert.assertEquals(Assert.java:144)
	at DPcalcTests.testInvalidDVnumWithDatePartThatIsWrong(DPcalcTests.java:218)
]]></failure>
  </testcase>
  <testcase name="testGetAssignmentWhereSubjectIsInCapitalLetters" classname="DPcalcTests" time="0"/>
  <testcase name="testGetSemesterTestWhereSubjectIsOnlyInLowerCase" classname="DPcalcTests" time="0"/>
  <testcase name="testGetAssignmentWithSubjectThatDoesNotExist" classname="DPcalcTests" time="0"/>
  <testcase name="testCannotWriteExams" classname="DPcalcTests" time="0">
    <error message="Not supported yet." type="java.lang.UnsupportedOperationException">java.lang.UnsupportedOperationException: Not supported yet.
	at za.ac.pearson.cti.studentdpcalculator.Subject.getAssignmentWeight(Subject.java:89)
	at za.ac.pearson.cti.studentdpcalculator.DPcalc.getAssignmentWeight(DPcalc.java:142)
	at za.ac.pearson.cti.studentdpcalculator.DPcalc.calculateDP(DPcalc.java:92)
	at za.ac.pearson.cti.studentdpcalculator.DPcalc.canWriteExams(DPcalc.java:202)
	at DPcalcTests.testCannotWriteExams(DPcalcTests.java:144)
</error>
  </testcase>
  <testcase name="testGetAssignmentMarkWithMultipleSubjects" classname="DPcalcTests" time="0"/>
  <testcase name="testGetSemesterTestMarkWithMultipleSubjects" classname="DPcalcTests" time="0"/>
  <testcase name="testGetContinuousAssessmentWhereSubjectIsInCapitalLetters" classname="DPcalcTests" time="0"/>
  <testcase name="testValidDVnum" classname="DPcalcTests" time="0.015"/>
  <testcase name="testInvalidDVnumThatIsTooShort" classname="DPcalcTests" time="0"/>
  <testcase name="testCanWriteExams" classname="DPcalcTests" time="0">
    <error message="Not supported yet." type="java.lang.UnsupportedOperationException">java.lang.UnsupportedOperationException: Not supported yet.
	at za.ac.pearson.cti.studentdpcalculator.Subject.getAssignmentWeight(Subject.java:89)
	at za.ac.pearson.cti.studentdpcalculator.DPcalc.getAssignmentWeight(DPcalc.java:142)
	at za.ac.pearson.cti.studentdpcalculator.DPcalc.calculateDP(DPcalc.java:92)
	at za.ac.pearson.cti.studentdpcalculator.DPcalc.canWriteExams(DPcalc.java:202)
	at DPcalcTests.testCanWriteExams(DPcalcTests.java:122)
</error>
  </testcase>
  <testcase name="testGetSemesterTestWithSubjectThatDoesNotExist" classname="DPcalcTests" time="0.016"/>
  <testcase name="testGetAssignmentWhereSubjectIsOnlyInLowerCase" classname="DPcalcTests" time="0"/>
  <testcase name="testInvalidDVnumWithLast4DigitsThatIsWrong" classname="DPcalcTests" time="0">
    <failure message="expected:&lt;false&gt; but was:&lt;true&gt;" type="java.lang.AssertionError"><![CDATA[java.lang.AssertionError: expected:<false> but was:<true>
	at org.junit.Assert.fail(Assert.java:88)
	at org.junit.Assert.failNotEquals(Assert.java:834)
	at org.junit.Assert.assertEquals(Assert.java:118)
	at org.junit.Assert.assertEquals(Assert.java:144)
	at DPcalcTests.testInvalidDVnumWithLast4DigitsThatIsWrong(DPcalcTests.java:244)
]]></failure>
  </testcase>
  <testcase name="testInvalidDVnumThatIsMissingTheDash" classname="DPcalcTests" time="0">
    <failure message="expected:&lt;false&gt; but was:&lt;true&gt;" type="java.lang.AssertionError"><![CDATA[java.lang.AssertionError: expected:<false> but was:<true>
	at org.junit.Assert.fail(Assert.java:88)
	at org.junit.Assert.failNotEquals(Assert.java:834)
	at org.junit.Assert.assertEquals(Assert.java:118)
	at org.junit.Assert.assertEquals(Assert.java:144)
	at DPcalcTests.testInvalidDVnumThatIsMissingTheDash(DPcalcTests.java:319)
]]></failure>
  </testcase>
  <testcase name="testGetContinuousAssessmentWhereSubjectIsOnlyInLowerCase" classname="DPcalcTests" time="0"/>
  <testcase name="testThatYouHaveAllAccessors" classname="DPcalcTests" time="0"/>
  <testcase name="testPrettyPrint" classname="DPcalcTests" time="0">
    <error message="Not supported yet." type="java.lang.UnsupportedOperationException">java.lang.UnsupportedOperationException: Not supported yet.
	at za.ac.pearson.cti.studentdpcalculator.Subject.getAssignmentWeight(Subject.java:89)
	at za.ac.pearson.cti.studentdpcalculator.DPcalc.getAssignmentWeight(DPcalc.java:142)
	at za.ac.pearson.cti.studentdpcalculator.DPcalc.calculateDP(DPcalc.java:92)
	at za.ac.pearson.cti.studentdpcalculator.DPcalc.prettyPrintDPreport(DPcalc.java:119)
	at DPcalcTests.testPrettyPrint(DPcalcTests.java:99)
</error>
  </testcase>
  <testcase name="testInvalidDVnumThatIsTooLong" classname="DPcalcTests" time="0"/>
  <testcase name="testInvalidDVnumThatHasAdashInTheWrongPlace" classname="DPcalcTests" time="0.015">
    <failure message="expected:&lt;false&gt; but was:&lt;true&gt;" type="java.lang.AssertionError"><![CDATA[java.lang.AssertionError: expected:<false> but was:<true>
	at org.junit.Assert.fail(Assert.java:88)
	at org.junit.Assert.failNotEquals(Assert.java:834)
	at org.junit.Assert.assertEquals(Assert.java:118)
	at org.junit.Assert.assertEquals(Assert.java:144)
	at DPcalcTests.testInvalidDVnumThatHasAdashInTheWrongPlace(DPcalcTests.java:345)
]]></failure>
  </testcase>
  <testcase name="testGetSemesterTestWhereSubjectIsInCapitalLetters" classname="DPcalcTests" time="0"/>
  <testcase name="testCanWriteExamsEdgeCase" classname="DPcalcTests" time="0">
    <error message="Not supported yet." type="java.lang.UnsupportedOperationException">java.lang.UnsupportedOperationException: Not supported yet.
	at za.ac.pearson.cti.studentdpcalculator.Subject.getAssignmentWeight(Subject.java:89)
	at za.ac.pearson.cti.studentdpcalculator.DPcalc.getAssignmentWeight(DPcalc.java:142)
	at za.ac.pearson.cti.studentdpcalculator.DPcalc.calculateDP(DPcalc.java:92)
	at DPcalcTests.testCanWriteExamsEdgeCase(DPcalcTests.java:165)
</error>
  </testcase>
  <testcase name="testGetContinuousAssessmentWithSubjectThatDoesNotExist" classname="DPcalcTests" time="0"/>
  <testcase name="testCalculateDPwithPassingMarks" classname="DPcalcTests" time="0">
    <error message="Not supported yet." type="java.lang.UnsupportedOperationException">java.lang.UnsupportedOperationException: Not supported yet.
	at za.ac.pearson.cti.studentdpcalculator.Subject.getAssignmentWeight(Subject.java:89)
	at za.ac.pearson.cti.studentdpcalculator.DPcalc.getAssignmentWeight(DPcalc.java:142)
	at za.ac.pearson.cti.studentdpcalculator.DPcalc.calculateDP(DPcalc.java:92)
	at DPcalcTests.testCalculateDPwithPassingMarks(DPcalcTests.java:46)
</error>
  </testcase>
  <testcase name="testGetContinuousAssessmentWithMultipleSubjects" classname="DPcalcTests" time="0"/>
</testsuite>