<?xml version="1.0" encoding="UTF-8"?>
<testsuite name="DPcalcTests" time="0.016" tests="26" errors="1" skipped="0" failures="0">
  <properties>
[...]
</properties>
  <testcase name="testCalculateDPwithFailingMarks" classname="DPcalcTests" time="0"/>
  <testcase name="testInvalidDVnumWithDatePartThatIsWrong" classname="DPcalcTests" time="0"/>
  <testcase name="testGetAssignmentWhereSubjectIsInCapitalLetters" classname="DPcalcTests" time="0"/>
  <testcase name="testGetSemesterTestWhereSubjectIsOnlyInLowerCase" classname="DPcalcTests" time="0"/>
  <testcase name="testGetAssignmentWithSubjectThatDoesNotExist" classname="DPcalcTests" time="0"/>
  <testcase name="testCannotWriteExams" classname="DPcalcTests" time="0"/>
  <testcase name="testGetAssignmentMarkWithMultipleSubjects" classname="DPcalcTests" time="0"/>
  <testcase name="testGetSemesterTestMarkWithMultipleSubjects" classname="DPcalcTests" time="0"/>
  <testcase name="testGetContinuousAssessmentWhereSubjectIsInCapitalLetters" classname="DPcalcTests" time="0"/>
  <testcase name="testValidDVnum" classname="DPcalcTests" time="0"/>
  <testcase name="testInvalidDVnumThatIsTooShort" classname="DPcalcTests" time="0"/>
  <testcase name="testCanWriteExams" classname="DPcalcTests" time="0"/>
  <testcase name="testGetSemesterTestWithSubjectThatDoesNotExist" classname="DPcalcTests" time="0"/>
  <testcase name="testGetAssignmentWhereSubjectIsOnlyInLowerCase" classname="DPcalcTests" time="0"/>
  <testcase name="testInvalidDVnumWithLast4DigitsThatIsWrong" classname="DPcalcTests" time="0"/>
  <testcase name="testInvalidDVnumThatIsMissingTheDash" classname="DPcalcTests" time="0"/>
  <testcase name="testGetContinuousAssessmentWhereSubjectIsOnlyInLowerCase" classname="DPcalcTests" time="0"/>
  <testcase name="testThatYouHaveAllAccessors" classname="DPcalcTests" time="0">
    <error message="Uncompilable source code - Erroneous sym type: za.ac.pearson.cti.studentdpcalculator.DPcalc.setAssignmentWeight" type="java.lang.RuntimeException">java.lang.RuntimeException: Uncompilable source code - Erroneous sym type: za.ac.pearson.cti.studentdpcalculator.DPcalc.setAssignmentWeight
	at DPcalcTests.testThatYouHaveAllAccessors(DPcalcTests.java:368)
</error>
  </testcase>
  <testcase name="testPrettyPrint" classname="DPcalcTests" time="0.016"/>
  <testcase name="testInvalidDVnumThatIsTooLong" classname="DPcalcTests" time="0"/>
  <testcase name="testInvalidDVnumThatHasAdashInTheWrongPlace" classname="DPcalcTests" time="0"/>
  <testcase name="testGetSemesterTestWhereSubjectIsInCapitalLetters" classname="DPcalcTests" time="0"/>
  <testcase name="testCanWriteExamsEdgeCase" classname="DPcalcTests" time="0"/>
  <testcase name="testGetContinuousAssessmentWithSubjectThatDoesNotExist" classname="DPcalcTests" time="0"/>
  <testcase name="testCalculateDPwithPassingMarks" classname="DPcalcTests" time="0"/>
  <testcase name="testGetContinuousAssessmentWithMultipleSubjects" classname="DPcalcTests" time="0"/>
</testsuite>